2024-11-01 13:36:04,905 [Worker-5: Loading available Gradle versions] INFO  o.e.b.c.i.u.g.PublishedGradleVersions - Gradle version information cache is up-to-date. Trying to read.
2024-11-01 13:44:33,069 [Worker-5: 入門コンテンツのインポート] INFO  o.e.m.c.i.l.LifecycleMappingFactory - Using org.eclipse.m2e.jdt.JarLifecycleMapping lifecycle mapping for MavenProject: com.example:nagoyameshi:0.0.1-SNAPSHOT @ C:\Repos\springboot-tabelog-kadai-main\nagoyameshi\pom.xml.
2024-11-01 13:44:35,278 [Worker-5: 入門コンテンツのインポート] INFO  o.e.m.j.i.AbstractJavaProjectConfigurator - Adding source folder /nagoyameshi/src/main/java
2024-11-01 13:44:35,283 [Worker-5: 入門コンテンツのインポート] INFO  o.e.m.j.i.AbstractJavaProjectConfigurator - Adding resource folder /nagoyameshi/src/main/resources
2024-11-01 13:44:35,290 [Worker-5: 入門コンテンツのインポート] INFO  o.e.m.j.i.AbstractJavaProjectConfigurator - Adding resource folder /nagoyameshi/src/main/resources
2024-11-01 13:44:35,295 [Worker-5: 入門コンテンツのインポート] INFO  o.e.m.j.i.AbstractJavaProjectConfigurator - Adding source folder /nagoyameshi/src/test/java
2024-11-01 13:44:35,296 [Worker-5: 入門コンテンツのインポート] INFO  o.e.m.j.i.AbstractJavaProjectConfigurator - Adding resource folder /nagoyameshi/src/test/resources
2024-11-01 13:44:36,710 [Worker-5: 入門コンテンツのインポート] INFO  o.e.m.c.i.p.ProjectConfigurationManager - Imported and configured 1 project(s) in 5 sec
2024-11-01 13:44:36,714 [Worker-5: 入門コンテンツのインポート] INFO  o.e.m.c.i.p.ProjectConfigurationManager - Update started
2024-11-01 13:44:37,177 [Worker-5: 入門コンテンツのインポート] INFO  o.e.m.c.i.l.LifecycleMappingFactory - Using org.eclipse.m2e.jdt.JarLifecycleMapping lifecycle mapping for MavenProject: com.example:nagoyameshi:0.0.1-SNAPSHOT @ C:\Repos\springboot-tabelog-kadai-main\nagoyameshi\pom.xml.
2024-11-01 13:44:37,812 [Worker-5: 入門コンテンツのインポート] INFO  o.e.m.j.i.AbstractJavaProjectConfigurator - Adding source folder /nagoyameshi/src/main/java
2024-11-01 13:44:37,813 [Worker-5: 入門コンテンツのインポート] INFO  o.e.m.j.i.AbstractJavaProjectConfigurator - Adding resource folder /nagoyameshi/src/main/resources
2024-11-01 13:44:37,813 [Worker-5: 入門コンテンツのインポート] INFO  o.e.m.j.i.AbstractJavaProjectConfigurator - Adding resource folder /nagoyameshi/src/main/resources
2024-11-01 13:44:37,813 [Worker-5: 入門コンテンツのインポート] INFO  o.e.m.j.i.AbstractJavaProjectConfigurator - Adding source folder /nagoyameshi/src/test/java
2024-11-01 13:44:37,814 [Worker-5: 入門コンテンツのインポート] INFO  o.e.m.j.i.AbstractJavaProjectConfigurator - Adding resource folder /nagoyameshi/src/test/resources
2024-11-01 13:44:38,349 [Worker-5: 入門コンテンツのインポート] INFO  o.e.m.c.i.p.ProjectConfigurationManager - Update completed for 1 poms: local refresh takes 0.00 sec, refresh facades takes 1.00 sec, update config takes 0.00 sec 
2024-11-01 13:44:39,459 [Worker-2: ビルド] INFO  o.a.m.s.f.DefaultMavenResourcesFiltering - Copying 1 resource from src\main\resources to target\classes
2024-11-01 13:44:39,474 [Worker-2: ビルド] INFO  o.a.m.s.f.DefaultMavenResourcesFiltering - Copying 0 resource from src\main\resources to target\classes
2024-11-01 13:44:39,483 [Worker-2: ビルド] INFO  o.a.m.s.f.DefaultMavenResourcesFiltering - skip non existing resourceDirectory C:\Repos\springboot-tabelog-kadai-main\nagoyameshi\src\test\resources
2024-11-01 13:47:17,823 [Worker-9: ビルド] INFO  o.e.m.c.i.l.LifecycleMappingFactory - Using org.eclipse.m2e.jdt.JarLifecycleMapping lifecycle mapping for MavenProject: com.example:nagoyameshi:0.0.1-SNAPSHOT @ C:\Repos\springboot-tabelog-kadai-main\nagoyameshi\pom.xml.
2024-11-01 13:47:19,201 [Worker-9: ビルド] INFO  o.a.m.s.f.DefaultMavenResourcesFiltering - Copying 4 resources from src\main\resources to target\classes
2024-11-01 13:47:19,260 [Worker-9: ビルド] INFO  o.a.m.s.f.DefaultMavenResourcesFiltering - Copying 42 resources from src\main\resources to target\classes
2024-11-01 13:47:19,304 [Worker-9: ビルド] INFO  o.a.m.s.f.DefaultMavenResourcesFiltering - skip non existing resourceDirectory C:\Repos\springboot-tabelog-kadai-main\nagoyameshi\src\test\resources
2024-11-01 13:47:20,092 [Worker-9: Maven プロジェクトの更新中] INFO  o.e.m.c.i.p.ProjectConfigurationManager - Update started
2024-11-01 13:47:20,871 [Worker-9: Maven プロジェクトの更新中] INFO  o.e.m.c.i.l.LifecycleMappingFactory - Using org.eclipse.m2e.jdt.JarLifecycleMapping lifecycle mapping for MavenProject: com.example:nagoyameshi:0.0.1-SNAPSHOT @ C:\Repos\springboot-tabelog-kadai-main\nagoyameshi\pom.xml.
2024-11-01 13:47:21,675 [Worker-9: Maven プロジェクトの更新中] INFO  o.e.m.j.i.AbstractJavaProjectConfigurator - Adding source folder /nagoyameshi/src/main/java
2024-11-01 13:47:21,676 [Worker-9: Maven プロジェクトの更新中] INFO  o.e.m.j.i.AbstractJavaProjectConfigurator - Adding resource folder /nagoyameshi/src/main/resources
2024-11-01 13:47:21,676 [Worker-9: Maven プロジェクトの更新中] INFO  o.e.m.j.i.AbstractJavaProjectConfigurator - Adding resource folder /nagoyameshi/src/main/resources
2024-11-01 13:47:21,677 [Worker-9: Maven プロジェクトの更新中] INFO  o.e.m.j.i.AbstractJavaProjectConfigurator - Adding source folder /nagoyameshi/src/test/java
2024-11-01 13:47:21,677 [Worker-9: Maven プロジェクトの更新中] INFO  o.e.m.j.i.AbstractJavaProjectConfigurator - Adding resource folder /nagoyameshi/src/test/resources
2024-11-01 13:47:21,921 [Worker-9: Maven プロジェクトの更新中] INFO  o.e.m.c.i.p.ProjectConfigurationManager - Update completed for 1 poms: local refresh takes 0.00 sec, refresh facades takes 1.00 sec, update config takes 0.00 sec 
2024-11-01 13:47:22,613 [Worker-9: ビルド] INFO  o.a.m.s.f.DefaultMavenResourcesFiltering - Copying 4 resources from src\main\resources to target\classes
2024-11-01 13:47:22,658 [Worker-9: ビルド] INFO  o.a.m.s.f.DefaultMavenResourcesFiltering - Copying 42 resources from src\main\resources to target\classes
2024-11-01 13:47:22,809 [Worker-9: ビルド] INFO  o.a.m.s.f.DefaultMavenResourcesFiltering - skip non existing resourceDirectory C:\Repos\springboot-tabelog-kadai-main\nagoyameshi\src\test\resources
2024-11-01 13:47:51,313 [Worker-10: ビルド] INFO  o.a.m.s.f.DefaultMavenResourcesFiltering - Copying 4 resources from src\main\resources to target\classes
2024-11-01 13:47:51,343 [Worker-10: ビルド] INFO  o.a.m.s.f.DefaultMavenResourcesFiltering - Copying 42 resources from src\main\resources to target\classes
2024-11-01 13:47:51,361 [Worker-10: ビルド] INFO  o.a.m.s.f.DefaultMavenResourcesFiltering - skip non existing resourceDirectory C:\Repos\springboot-tabelog-kadai-main\nagoyameshi\src\test\resources
2024-11-01 14:03:23,451 [Worker-22: ビルド] INFO  o.a.m.s.f.DefaultMavenResourcesFiltering - Copying 1 resource from src\main\resources to target\classes
2024-11-01 14:03:23,472 [Worker-22: ビルド] INFO  o.a.m.s.f.DefaultMavenResourcesFiltering - Copying 0 resource from src\main\resources to target\classes
2024-11-01 14:03:23,476 [Worker-22: ビルド] INFO  o.a.m.s.f.DefaultMavenResourcesFiltering - skip non existing resourceDirectory C:\Repos\springboot-tabelog-kadai-main\nagoyameshi\src\test\resources
2024-11-01 14:03:46,761 [Worker-22: ビルド] INFO  o.a.m.s.f.DefaultMavenResourcesFiltering - Copying 1 resource from src\main\resources to target\classes
2024-11-01 14:03:46,780 [Worker-22: ビルド] INFO  o.a.m.s.f.DefaultMavenResourcesFiltering - Copying 0 resource from src\main\resources to target\classes
2024-11-01 14:03:46,783 [Worker-22: ビルド] INFO  o.a.m.s.f.DefaultMavenResourcesFiltering - skip non existing resourceDirectory C:\Repos\springboot-tabelog-kadai-main\nagoyameshi\src\test\resources
2024-11-01 14:05:29,784 [Worker-23: ビルド] INFO  o.a.m.s.f.DefaultMavenResourcesFiltering - Copying 1 resource from src\main\resources to target\classes
2024-11-01 14:05:29,799 [Worker-23: ビルド] INFO  o.a.m.s.f.DefaultMavenResourcesFiltering - Copying 0 resource from src\main\resources to target\classes
2024-11-01 14:05:29,803 [Worker-23: ビルド] INFO  o.a.m.s.f.DefaultMavenResourcesFiltering - skip non existing resourceDirectory C:\Repos\springboot-tabelog-kadai-main\nagoyameshi\src\test\resources
